reports/org-jetbrains-kotlin/2-3-0-to-2-3-21/run-24857745783/phase1/before/shared/build/outputs/logs/manifest-merger-debug-report.txt
-- Merging decision tree log ---
manifest
ADDED from ProcessLibraryManifest/debug/tempAndroidManifest8660287643535668900.xml:2:13-83
INJECTED from ProcessLibraryManifest/debug/tempAndroidManifest8660287643535668900.xml:2:13-83
	package
		INJECTED from ProcessLibraryManifest/debug/tempAndroidManifest8660287643535668900.xml
	xmlns:android
		ADDED from ProcessLibraryManifest/debug/tempAndroidManifest8660287643535668900.xml:2:23-81
uses-sdk
INJECTED from ProcessLibraryManifest/debug/tempAndroidManifest8660287643535668900.xml reason: use-sdk injection requested
INJECTED from ProcessLibraryManifest/debug/tempAndroidManifest8660287643535668900.xml
INJECTED from ProcessLibraryManifest/debug/tempAndroidManifest8660287643535668900.xml
	android:targetSdkVersion
		INJECTED from ProcessLibraryManifest/debug/tempAndroidManifest8660287643535668900.xml
	android:minSdkVersion
		INJECTED from ProcessLibraryManifest/debug/tempAndroidManifest8660287643535668900.xml